[ 2018-07-13T00:09:12+08:00 ] ::1 /118.24.118.208/WeChatStu/index.php
INFO: [ app_init ] --START--
INFO: Run Behavior\BuildLiteBehavior [ RunTime:0.000040s ]
INFO: [ app_init ] --END-- [ RunTime:0.001121s ]
INFO: [ app_begin ] --START--
INFO: Run Behavior\ReadHtmlCacheBehavior [ RunTime:0.001733s ]
INFO: [ app_begin ] --END-- [ RunTime:0.001952s ]
INFO: [ app_end ] --START--
INFO: Run Behavior\ShowPageTraceBehavior [ RunTime:0.000958s ]
INFO: [ app_end ] --END-- [ RunTime:0.001060s ]

[ 2018-07-13T00:09:21+08:00 ] ::1 /118.24.118.208/WeChatStu/index.php?m=Home&c=Msg&a=valid
INFO: [ app_init ] --START--
INFO: Run Behavior\BuildLiteBehavior [ RunTime:0.000066s ]
INFO: [ app_init ] --END-- [ RunTime:0.001093s ]
INFO: [ app_begin ] --START--
INFO: Run Behavior\ReadHtmlCacheBehavior [ RunTime:0.001481s ]
INFO: [ app_begin ] --END-- [ RunTime:0.001589s ]

[ 2018-07-13T00:09:27+08:00 ] ::1 /118.24.118.208/WeChatStu/index.php?m=Home&c=Msg&a=valid
INFO: [ app_init ] --START--
INFO: Run Behavior\BuildLiteBehavior [ RunTime:0.000020s ]
INFO: [ app_init ] --END-- [ RunTime:0.000502s ]
INFO: [ app_begin ] --START--
INFO: Run Behavior\ReadHtmlCacheBehavior [ RunTime:0.002214s ]
INFO: [ app_begin ] --END-- [ RunTime:0.002440s ]
NOTIC: [8] Undefined index: echostr C:\wamp64\www\118.24.118.208\WeChatStu\Application\Home\Controller\MsgController.class.php 第 18 行.
NOTIC: [8] Undefined variable: echostr C:\wamp64\www\118.24.118.208\WeChatStu\Application\Home\Controller\MsgController.class.php 第 20 行.
NOTIC: [8] Undefined index: HTTP_RAW_POST_DATA C:\wamp64\www\118.24.118.208\WeChatStu\Application\Home\Controller\MsgController.class.php 第 44 行.

[ 2018-07-13T00:09:28+08:00 ] ::1 /118.24.118.208/WeChatStu/index.php?m=Home&c=Msg&a=valid
INFO: [ app_init ] --START--
INFO: Run Behavior\BuildLiteBehavior [ RunTime:0.000020s ]
INFO: [ app_init ] --END-- [ RunTime:0.000510s ]
INFO: [ app_begin ] --START--
INFO: Run Behavior\ReadHtmlCacheBehavior [ RunTime:0.002493s ]
INFO: [ app_begin ] --END-- [ RunTime:0.002706s ]
NOTIC: [8] Undefined index: echostr C:\wamp64\www\118.24.118.208\WeChatStu\Application\Home\Controller\MsgController.class.php 第 18 行.
NOTIC: [8] Undefined variable: echostr C:\wamp64\www\118.24.118.208\WeChatStu\Application\Home\Controller\MsgController.class.php 第 20 行.
NOTIC: [8] Undefined index: HTTP_RAW_POST_DATA C:\wamp64\www\118.24.118.208\WeChatStu\Application\Home\Controller\MsgController.class.php 第 44 行.

[ 2018-07-13T00:09:33+08:00 ] ::1 /118.24.118.208/WeChatStu/index.php?m=Home&c=Msg&a=valid
INFO: [ app_init ] --START--
INFO: Run Behavior\BuildLiteBehavior [ RunTime:0.000022s ]
INFO: [ app_init ] --END-- [ RunTime:0.000521s ]
INFO: [ app_begin ] --START--
INFO: Run Behavior\ReadHtmlCacheBehavior [ RunTime:0.002064s ]
INFO: [ app_begin ] --END-- [ RunTime:0.002232s ]
NOTIC: [8] Undefined index: echostr C:\wamp64\www\118.24.118.208\WeChatStu\Application\Home\Controller\MsgController.class.php 第 18 行.
NOTIC: [8] Undefined variable: echostr C:\wamp64\www\118.24.118.208\WeChatStu\Application\Home\Controller\MsgController.class.php 第 20 行.
NOTIC: [8] Undefined index: HTTP_RAW_POST_DATA C:\wamp64\www\118.24.118.208\WeChatStu\Application\Home\Controller\MsgController.class.php 第 42 行.

[ 2018-07-13T00:09:33+08:00 ] ::1 /118.24.118.208/WeChatStu/index.php?m=Home&c=Msg&a=valid
INFO: [ app_init ] --START--
INFO: Run Behavior\BuildLiteBehavior [ RunTime:0.000021s ]
INFO: [ app_init ] --END-- [ RunTime:0.000524s ]
INFO: [ app_begin ] --START--
INFO: Run Behavior\ReadHtmlCacheBehavior [ RunTime:0.001341s ]
INFO: [ app_begin ] --END-- [ RunTime:0.001441s ]
NOTIC: [8] Undefined index: echostr C:\wamp64\www\118.24.118.208\WeChatStu\Application\Home\Controller\MsgController.class.php 第 18 行.
NOTIC: [8] Undefined variable: echostr C:\wamp64\www\118.24.118.208\WeChatStu\Application\Home\Controller\MsgController.class.php 第 20 行.
NOTIC: [8] Undefined index: HTTP_RAW_POST_DATA C:\wamp64\www\118.24.118.208\WeChatStu\Application\Home\Controller\MsgController.class.php 第 42 行.

[ 2018-07-13T00:09:37+08:00 ] ::1 /118.24.118.208/WeChatStu/index.php?m=Home&c=Msg&a=valid
INFO: [ app_init ] --START--
INFO: Run Behavior\BuildLiteBehavior [ RunTime:0.000022s ]
INFO: [ app_init ] --END-- [ RunTime:0.000745s ]
INFO: [ app_begin ] --START--
INFO: Run Behavior\ReadHtmlCacheBehavior [ RunTime:0.001431s ]
INFO: [ app_begin ] --END-- [ RunTime:0.001544s ]
NOTIC: [8] Undefined index: echostr C:\wamp64\www\118.24.118.208\WeChatStu\Application\Home\Controller\MsgController.class.php 第 18 行.
NOTIC: [8] Undefined variable: echostr C:\wamp64\www\118.24.118.208\WeChatStu\Application\Home\Controller\MsgController.class.php 第 20 行.
NOTIC: [8] Undefined index: HTTP_RAW_POST_DATA C:\wamp64\www\118.24.118.208\WeChatStu\Application\Home\Controller\MsgController.class.php 第 43 行.

[ 2018-07-13T00:09:38+08:00 ] ::1 /118.24.118.208/WeChatStu/index.php?m=Home&c=Msg&a=valid
INFO: [ app_init ] --START--
INFO: Run Behavior\BuildLiteBehavior [ RunTime:0.000043s ]
INFO: [ app_init ] --END-- [ RunTime:0.000617s ]
INFO: [ app_begin ] --START--
INFO: Run Behavior\ReadHtmlCacheBehavior [ RunTime:0.001822s ]
INFO: [ app_begin ] --END-- [ RunTime:0.001935s ]
NOTIC: [8] Undefined index: echostr C:\wamp64\www\118.24.118.208\WeChatStu\Application\Home\Controller\MsgController.class.php 第 18 行.
NOTIC: [8] Undefined variable: echostr C:\wamp64\www\118.24.118.208\WeChatStu\Application\Home\Controller\MsgController.class.php 第 20 行.
NOTIC: [8] Undefined index: HTTP_RAW_POST_DATA C:\wamp64\www\118.24.118.208\WeChatStu\Application\Home\Controller\MsgController.class.php 第 43 行.

[ 2018-07-13T00:09:38+08:00 ] ::1 /118.24.118.208/WeChatStu/index.php?m=Home&c=Msg&a=valid
INFO: [ app_init ] --START--
INFO: Run Behavior\BuildLiteBehavior [ RunTime:0.000021s ]
INFO: [ app_init ] --END-- [ RunTime:0.000629s ]
INFO: [ app_begin ] --START--
INFO: Run Behavior\ReadHtmlCacheBehavior [ RunTime:0.001575s ]
INFO: [ app_begin ] --END-- [ RunTime:0.001681s ]
NOTIC: [8] Undefined index: echostr C:\wamp64\www\118.24.118.208\WeChatStu\Application\Home\Controller\MsgController.class.php 第 18 行.
NOTIC: [8] Undefined variable: echostr C:\wamp64\www\118.24.118.208\WeChatStu\Application\Home\Controller\MsgController.class.php 第 20 行.
NOTIC: [8] Undefined index: HTTP_RAW_POST_DATA C:\wamp64\www\118.24.118.208\WeChatStu\Application\Home\Controller\MsgController.class.php 第 43 行.

[ 2018-07-13T00:09:44+08:00 ] ::1 /118.24.118.208/WeChatStu/index.php?m=Home&c=Msg&a=valid
INFO: [ app_init ] --START--
INFO: Run Behavior\BuildLiteBehavior [ RunTime:0.000031s ]
INFO: [ app_init ] --END-- [ RunTime:0.001822s ]
INFO: [ app_begin ] --START--
INFO: Run Behavior\ReadHtmlCacheBehavior [ RunTime:0.001326s ]
INFO: [ app_begin ] --END-- [ RunTime:0.001433s ]
NOTIC: [8] Undefined index: echostr C:\wamp64\www\118.24.118.208\WeChatStu\Application\Home\Controller\MsgController.class.php 第 18 行.
NOTIC: [8] Undefined variable: echostr C:\wamp64\www\118.24.118.208\WeChatStu\Application\Home\Controller\MsgController.class.php 第 20 行.
NOTIC: [8] Undefined index: HTTP_RAW_POST_DATA C:\wamp64\www\118.24.118.208\WeChatStu\Application\Home\Controller\MsgController.class.php 第 43 行.

[ 2018-07-13T00:09:44+08:00 ] ::1 /118.24.118.208/WeChatStu/index.php?m=Home&c=Msg&a=valid
INFO: [ app_init ] --START--
INFO: Run Behavior\BuildLiteBehavior [ RunTime:0.000039s ]
INFO: [ app_init ] --END-- [ RunTime:0.001274s ]
INFO: [ app_begin ] --START--
INFO: Run Behavior\ReadHtmlCacheBehavior [ RunTime:0.001370s ]
INFO: [ app_begin ] --END-- [ RunTime:0.001472s ]
NOTIC: [8] Undefined index: echostr C:\wamp64\www\118.24.118.208\WeChatStu\Application\Home\Controller\MsgController.class.php 第 18 行.
NOTIC: [8] Undefined variable: echostr C:\wamp64\www\118.24.118.208\WeChatStu\Application\Home\Controller\MsgController.class.php 第 20 行.
NOTIC: [8] Undefined index: HTTP_RAW_POST_DATA C:\wamp64\www\118.24.118.208\WeChatStu\Application\Home\Controller\MsgController.class.php 第 43 行.

[ 2018-07-13T00:09:44+08:00 ] ::1 /118.24.118.208/WeChatStu/index.php?m=Home&c=Msg&a=valid
INFO: [ app_init ] --START--
INFO: Run Behavior\BuildLiteBehavior [ RunTime:0.000039s ]
INFO: [ app_init ] --END-- [ RunTime:0.000682s ]
INFO: [ app_begin ] --START--
INFO: Run Behavior\ReadHtmlCacheBehavior [ RunTime:0.001355s ]
INFO: [ app_begin ] --END-- [ RunTime:0.001456s ]
NOTIC: [8] Undefined index: echostr C:\wamp64\www\118.24.118.208\WeChatStu\Application\Home\Controller\MsgController.class.php 第 18 行.
NOTIC: [8] Undefined variable: echostr C:\wamp64\www\118.24.118.208\WeChatStu\Application\Home\Controller\MsgController.class.php 第 20 行.
NOTIC: [8] Undefined index: HTTP_RAW_POST_DATA C:\wamp64\www\118.24.118.208\WeChatStu\Application\Home\Controller\MsgController.class.php 第 43 行.

[ 2018-07-13T00:09:57+08:00 ] ::1 /118.24.118.208/WeChatStu/index.php?m=Home&c=Msg&a=valid
INFO: [ app_init ] --START--
INFO: Run Behavior\BuildLiteBehavior [ RunTime:0.000021s ]
INFO: [ app_init ] --END-- [ RunTime:0.000530s ]
INFO: [ app_begin ] --START--
INFO: Run Behavior\ReadHtmlCacheBehavior [ RunTime:0.001415s ]
INFO: [ app_begin ] --END-- [ RunTime:0.001517s ]
NOTIC: [8] Undefined index: echostr C:\wamp64\www\118.24.118.208\WeChatStu\Application\Home\Controller\MsgController.class.php 第 18 行.
NOTIC: [8] Undefined variable: echostr C:\wamp64\www\118.24.118.208\WeChatStu\Application\Home\Controller\MsgController.class.php 第 20 行.
NOTIC: [8] Undefined index: HTTP_RAW_POST_DATA C:\wamp64\www\118.24.118.208\WeChatStu\Application\Home\Controller\MsgController.class.php 第 44 行.

[ 2018-07-13T00:09:57+08:00 ] ::1 /118.24.118.208/WeChatStu/index.php?m=Home&c=Msg&a=valid
INFO: [ app_init ] --START--
INFO: Run Behavior\BuildLiteBehavior [ RunTime:0.000021s ]
INFO: [ app_init ] --END-- [ RunTime:0.000511s ]
INFO: [ app_begin ] --START--
INFO: Run Behavior\ReadHtmlCacheBehavior [ RunTime:0.001383s ]
INFO: [ app_begin ] --END-- [ RunTime:0.001489s ]
NOTIC: [8] Undefined index: echostr C:\wamp64\www\118.24.118.208\WeChatStu\Application\Home\Controller\MsgController.class.php 第 18 行.
NOTIC: [8] Undefined variable: echostr C:\wamp64\www\118.24.118.208\WeChatStu\Application\Home\Controller\MsgController.class.php 第 20 行.
NOTIC: [8] Undefined index: HTTP_RAW_POST_DATA C:\wamp64\www\118.24.118.208\WeChatStu\Application\Home\Controller\MsgController.class.php 第 44 行.

[ 2018-07-13T00:09:57+08:00 ] ::1 /118.24.118.208/WeChatStu/index.php?m=Home&c=Msg&a=valid
INFO: [ app_init ] --START--
INFO: Run Behavior\BuildLiteBehavior [ RunTime:0.000062s ]
INFO: [ app_init ] --END-- [ RunTime:0.000829s ]
INFO: [ app_begin ] --START--
INFO: Run Behavior\ReadHtmlCacheBehavior [ RunTime:0.001369s ]
INFO: [ app_begin ] --END-- [ RunTime:0.001534s ]
NOTIC: [8] Undefined index: echostr C:\wamp64\www\118.24.118.208\WeChatStu\Application\Home\Controller\MsgController.class.php 第 18 行.
NOTIC: [8] Undefined variable: echostr C:\wamp64\www\118.24.118.208\WeChatStu\Application\Home\Controller\MsgController.class.php 第 20 行.
NOTIC: [8] Undefined index: HTTP_RAW_POST_DATA C:\wamp64\www\118.24.118.208\WeChatStu\Application\Home\Controller\MsgController.class.php 第 44 行.

[ 2018-07-13T00:10:18+08:00 ] ::1 /118.24.118.208/WeChatStu/index.php?m=Home&c=Msg&a=valid
INFO: [ app_init ] --START--
INFO: Run Behavior\BuildLiteBehavior [ RunTime:0.000022s ]
INFO: [ app_init ] --END-- [ RunTime:0.000610s ]
INFO: [ app_begin ] --START--
INFO: Run Behavior\ReadHtmlCacheBehavior [ RunTime:0.001372s ]
INFO: [ app_begin ] --END-- [ RunTime:0.001480s ]
NOTIC: [8] Undefined index: echostr C:\wamp64\www\118.24.118.208\WeChatStu\Application\Home\Controller\MsgController.class.php 第 18 行.
NOTIC: [8] Undefined variable: echostr C:\wamp64\www\118.24.118.208\WeChatStu\Application\Home\Controller\MsgController.class.php 第 20 行.
NOTIC: [8] Undefined index: HTTP_RAW_POST_DATA C:\wamp64\www\118.24.118.208\WeChatStu\Application\Home\Controller\MsgController.class.php 第 44 行.

[ 2018-07-13T00:21:02+08:00 ] ::1 /118.24.118.208/WeChatStu/index.php
INFO: [ app_init ] --START--
INFO: Run Behavior\BuildLiteBehavior [ RunTime:0.000039s ]
INFO: [ app_init ] --END-- [ RunTime:0.001062s ]
INFO: [ app_begin ] --START--
INFO: Run Behavior\ReadHtmlCacheBehavior [ RunTime:0.002348s ]
INFO: [ app_begin ] --END-- [ RunTime:0.002561s ]
INFO: [ app_end ] --START--
INFO: Run Behavior\ShowPageTraceBehavior [ RunTime:0.002077s ]
INFO: [ app_end ] --END-- [ RunTime:0.002269s ]

[ 2018-07-13T00:21:12+08:00 ] ::1 /118.24.118.208/WeChatStu/index.php?m=Home&c=Msg&a=valid
INFO: [ app_init ] --START--
INFO: Run Behavior\BuildLiteBehavior [ RunTime:0.000022s ]
INFO: [ app_init ] --END-- [ RunTime:0.000552s ]
INFO: [ app_begin ] --START--
INFO: Run Behavior\ReadHtmlCacheBehavior [ RunTime:0.001428s ]
INFO: [ app_begin ] --END-- [ RunTime:0.001528s ]
NOTIC: [8] Undefined index: echostr C:\wamp64\www\118.24.118.208\WeChatStu\Application\Home\Controller\MsgController.class.php 第 18 行.
NOTIC: [8] Undefined index: HTTP_RAW_POST_DATA C:\wamp64\www\118.24.118.208\WeChatStu\Application\Home\Controller\MsgController.class.php 第 42 行.
NOTIC: [8] Use of undefined constant success - assumed 'success' C:\wamp64\www\118.24.118.208\WeChatStu\Application\Home\Controller\MsgController.class.php 第 52 行.

[ 2018-07-13T00:24:49+08:00 ] ::1 /118.24.118.208/WeChatStu/index.php?m=Home&c=Msg&a=valid
INFO: [ app_init ] --START--
INFO: Run Behavior\BuildLiteBehavior [ RunTime:0.000021s ]
INFO: [ app_init ] --END-- [ RunTime:0.002441s ]
INFO: [ app_begin ] --START--
INFO: Run Behavior\ReadHtmlCacheBehavior [ RunTime:0.002328s ]
INFO: [ app_begin ] --END-- [ RunTime:0.002447s ]
NOTIC: [8] Undefined index: echostr C:\wamp64\www\118.24.118.208\WeChatStu\Application\Home\Controller\MsgController.class.php 第 18 行.
NOTIC: [8] Undefined index: HTTP_RAW_POST_DATA C:\wamp64\www\118.24.118.208\WeChatStu\Application\Home\Controller\MsgController.class.php 第 42 行.
NOTIC: [8] Use of undefined constant success - assumed 'success' C:\wamp64\www\118.24.118.208\WeChatStu\Application\Home\Controller\MsgController.class.php 第 52 行.

[ 2018-07-13T00:24:50+08:00 ] ::1 /118.24.118.208/WeChatStu/index.php?m=Home&c=Msg&a=valid
INFO: [ app_init ] --START--
INFO: Run Behavior\BuildLiteBehavior [ RunTime:0.000045s ]
INFO: [ app_init ] --END-- [ RunTime:0.000565s ]
INFO: [ app_begin ] --START--
INFO: Run Behavior\ReadHtmlCacheBehavior [ RunTime:0.001534s ]
INFO: [ app_begin ] --END-- [ RunTime:0.001662s ]
NOTIC: [8] Undefined index: echostr C:\wamp64\www\118.24.118.208\WeChatStu\Application\Home\Controller\MsgController.class.php 第 18 行.
NOTIC: [8] Undefined index: HTTP_RAW_POST_DATA C:\wamp64\www\118.24.118.208\WeChatStu\Application\Home\Controller\MsgController.class.php 第 42 行.
NOTIC: [8] Use of undefined constant success - assumed 'success' C:\wamp64\www\118.24.118.208\WeChatStu\Application\Home\Controller\MsgController.class.php 第 52 行.

[ 2018-07-13T00:24:50+08:00 ] ::1 /118.24.118.208/WeChatStu/index.php?m=Home&c=Msg&a=valid
INFO: [ app_init ] --START--
INFO: Run Behavior\BuildLiteBehavior [ RunTime:0.000022s ]
INFO: [ app_init ] --END-- [ RunTime:0.000568s ]
INFO: [ app_begin ] --START--
INFO: Run Behavior\ReadHtmlCacheBehavior [ RunTime:0.001504s ]
INFO: [ app_begin ] --END-- [ RunTime:0.001611s ]
NOTIC: [8] Undefined index: echostr C:\wamp64\www\118.24.118.208\WeChatStu\Application\Home\Controller\MsgController.class.php 第 18 行.
NOTIC: [8] Undefined index: HTTP_RAW_POST_DATA C:\wamp64\www\118.24.118.208\WeChatStu\Application\Home\Controller\MsgController.class.php 第 42 行.
NOTIC: [8] Use of undefined constant success - assumed 'success' C:\wamp64\www\118.24.118.208\WeChatStu\Application\Home\Controller\MsgController.class.php 第 52 行.

[ 2018-07-13T00:24:51+08:00 ] ::1 /118.24.118.208/WeChatStu/index.php?m=Home&c=Msg&a=valid
INFO: [ app_init ] --START--
INFO: Run Behavior\BuildLiteBehavior [ RunTime:0.000039s ]
INFO: [ app_init ] --END-- [ RunTime:0.000930s ]
INFO: [ app_begin ] --START--
INFO: Run Behavior\ReadHtmlCacheBehavior [ RunTime:0.001758s ]
INFO: [ app_begin ] --END-- [ RunTime:0.001958s ]
NOTIC: [8] Undefined index: echostr C:\wamp64\www\118.24.118.208\WeChatStu\Application\Home\Controller\MsgController.class.php 第 18 行.
NOTIC: [8] Undefined index: HTTP_RAW_POST_DATA C:\wamp64\www\118.24.118.208\WeChatStu\Application\Home\Controller\MsgController.class.php 第 42 行.
NOTIC: [8] Use of undefined constant success - assumed 'success' C:\wamp64\www\118.24.118.208\WeChatStu\Application\Home\Controller\MsgController.class.php 第 52 行.

[ 2018-07-13T00:24:51+08:00 ] ::1 /118.24.118.208/WeChatStu/index.php?m=Home&c=Msg&a=valid
INFO: [ app_init ] --START--
INFO: Run Behavior\BuildLiteBehavior [ RunTime:0.000025s ]
INFO: [ app_init ] --END-- [ RunTime:0.000810s ]
INFO: [ app_begin ] --START--
INFO: Run Behavior\ReadHtmlCacheBehavior [ RunTime:0.001471s ]
INFO: [ app_begin ] --END-- [ RunTime:0.001577s ]
NOTIC: [8] Undefined index: echostr C:\wamp64\www\118.24.118.208\WeChatStu\Application\Home\Controller\MsgController.class.php 第 18 行.
NOTIC: [8] Undefined index: HTTP_RAW_POST_DATA C:\wamp64\www\118.24.118.208\WeChatStu\Application\Home\Controller\MsgController.class.php 第 42 行.
NOTIC: [8] Use of undefined constant success - assumed 'success' C:\wamp64\www\118.24.118.208\WeChatStu\Application\Home\Controller\MsgController.class.php 第 52 行.

[ 2018-07-13T00:25:06+08:00 ] ::1 /118.24.118.208/WeChatStu/index.php?m=Home&c=Msg&a=valid
INFO: [ app_init ] --START--
INFO: Run Behavior\BuildLiteBehavior [ RunTime:0.000057s ]
INFO: [ app_init ] --END-- [ RunTime:0.001274s ]
INFO: [ app_begin ] --START--
INFO: Run Behavior\ReadHtmlCacheBehavior [ RunTime:0.001437s ]
INFO: [ app_begin ] --END-- [ RunTime:0.001542s ]
NOTIC: [8] Undefined index: echostr C:\wamp64\www\118.24.118.208\WeChatStu\Application\Home\Controller\MsgController.class.php 第 18 行.
NOTIC: [8] Undefined index: HTTP_RAW_POST_DATA C:\wamp64\www\118.24.118.208\WeChatStu\Application\Home\Controller\MsgController.class.php 第 42 行.
NOTIC: [8] Trying to get property of non-object C:\wamp64\www\118.24.118.208\WeChatStu\Application\Home\Controller\MsgController.class.php 第 62 行.
NOTIC: [8] Trying to get property of non-object C:\wamp64\www\118.24.118.208\WeChatStu\Application\Home\Controller\MsgController.class.php 第 63 行.
NOTIC: [8] Trying to get property of non-object C:\wamp64\www\118.24.118.208\WeChatStu\Application\Home\Controller\MsgController.class.php 第 64 行.
INFO: [ app_end ] --START--
INFO: Run Behavior\ShowPageTraceBehavior [ RunTime:0.001919s ]
INFO: [ app_end ] --END-- [ RunTime:0.002072s ]

[ 2018-07-13T00:25:07+08:00 ] ::1 /118.24.118.208/WeChatStu/index.php?m=Home&c=Msg&a=valid
INFO: [ app_init ] --START--
INFO: Run Behavior\BuildLiteBehavior [ RunTime:0.000023s ]
INFO: [ app_init ] --END-- [ RunTime:0.000713s ]
INFO: [ app_begin ] --START--
INFO: Run Behavior\ReadHtmlCacheBehavior [ RunTime:0.001356s ]
INFO: [ app_begin ] --END-- [ RunTime:0.001455s ]
NOTIC: [8] Undefined index: echostr C:\wamp64\www\118.24.118.208\WeChatStu\Application\Home\Controller\MsgController.class.php 第 18 行.
NOTIC: [8] Undefined index: HTTP_RAW_POST_DATA C:\wamp64\www\118.24.118.208\WeChatStu\Application\Home\Controller\MsgController.class.php 第 42 行.
NOTIC: [8] Trying to get property of non-object C:\wamp64\www\118.24.118.208\WeChatStu\Application\Home\Controller\MsgController.class.php 第 62 行.
NOTIC: [8] Trying to get property of non-object C:\wamp64\www\118.24.118.208\WeChatStu\Application\Home\Controller\MsgController.class.php 第 63 行.
NOTIC: [8] Trying to get property of non-object C:\wamp64\www\118.24.118.208\WeChatStu\Application\Home\Controller\MsgController.class.php 第 64 行.
INFO: [ app_end ] --START--
INFO: Run Behavior\ShowPageTraceBehavior [ RunTime:0.002929s ]
INFO: [ app_end ] --END-- [ RunTime:0.003074s ]

[ 2018-07-13T00:25:12+08:00 ] ::1 /118.24.118.208/WeChatStu/index.php?m=Home&c=Msg&a=valid
INFO: [ app_init ] --START--
INFO: Run Behavior\BuildLiteBehavior [ RunTime:0.000021s ]
INFO: [ app_init ] --END-- [ RunTime:0.000617s ]
INFO: [ app_begin ] --START--
INFO: Run Behavior\ReadHtmlCacheBehavior [ RunTime:0.002591s ]
INFO: [ app_begin ] --END-- [ RunTime:0.002697s ]
NOTIC: [8] Undefined index: echostr C:\wamp64\www\118.24.118.208\WeChatStu\Application\Home\Controller\MsgController.class.php 第 18 行.
NOTIC: [8] Undefined index: HTTP_RAW_POST_DATA C:\wamp64\www\118.24.118.208\WeChatStu\Application\Home\Controller\MsgController.class.php 第 42 行.
NOTIC: [8] Use of undefined constant success - assumed 'success' C:\wamp64\www\118.24.118.208\WeChatStu\Application\Home\Controller\MsgController.class.php 第 52 行.

[ 2018-07-13T00:25:12+08:00 ] ::1 /118.24.118.208/WeChatStu/index.php?m=Home&c=Msg&a=valid
INFO: [ app_init ] --START--
INFO: Run Behavior\BuildLiteBehavior [ RunTime:0.000086s ]
INFO: [ app_init ] --END-- [ RunTime:0.001020s ]
INFO: [ app_begin ] --START--
INFO: Run Behavior\ReadHtmlCacheBehavior [ RunTime:0.001489s ]
INFO: [ app_begin ] --END-- [ RunTime:0.001600s ]
NOTIC: [8] Undefined index: echostr C:\wamp64\www\118.24.118.208\WeChatStu\Application\Home\Controller\MsgController.class.php 第 18 行.
NOTIC: [8] Undefined index: HTTP_RAW_POST_DATA C:\wamp64\www\118.24.118.208\WeChatStu\Application\Home\Controller\MsgController.class.php 第 42 行.
NOTIC: [8] Use of undefined constant success - assumed 'success' C:\wamp64\www\118.24.118.208\WeChatStu\Application\Home\Controller\MsgController.class.php 第 52 行.

[ 2018-07-13T00:42:29+08:00 ] ::1 /118.24.118.208/WeChatStu/index.php
INFO: [ app_init ] --START--
INFO: Run Behavior\BuildLiteBehavior [ RunTime:0.000045s ]
INFO: [ app_init ] --END-- [ RunTime:0.001035s ]
INFO: [ app_begin ] --START--
INFO: Run Behavior\ReadHtmlCacheBehavior [ RunTime:0.003219s ]
INFO: [ app_begin ] --END-- [ RunTime:0.003425s ]
INFO: [ app_end ] --START--
INFO: Run Behavior\ShowPageTraceBehavior [ RunTime:0.003571s ]
INFO: [ app_end ] --END-- [ RunTime:0.003788s ]

[ 2018-07-13T00:43:04+08:00 ] ::1 /118.24.118.208/WeChatStu/index.php
INFO: [ app_init ] --START--
INFO: Run Behavior\BuildLiteBehavior [ RunTime:0.000021s ]
INFO: [ app_init ] --END-- [ RunTime:0.000639s ]
INFO: [ app_begin ] --START--
INFO: Run Behavior\ReadHtmlCacheBehavior [ RunTime:0.002043s ]
INFO: [ app_begin ] --END-- [ RunTime:0.002246s ]
INFO: [ app_end ] --START--
INFO: Run Behavior\ShowPageTraceBehavior [ RunTime:0.001441s ]
INFO: [ app_end ] --END-- [ RunTime:0.001548s ]

[ 2018-07-13T00:43:05+08:00 ] ::1 /118.24.118.208/WeChatStu/index.php
INFO: [ app_init ] --START--
INFO: Run Behavior\BuildLiteBehavior [ RunTime:0.000021s ]
INFO: [ app_init ] --END-- [ RunTime:0.000601s ]
INFO: [ app_begin ] --START--
INFO: Run Behavior\ReadHtmlCacheBehavior [ RunTime:0.002782s ]
INFO: [ app_begin ] --END-- [ RunTime:0.002931s ]
INFO: [ app_end ] --START--
INFO: Run Behavior\ShowPageTraceBehavior [ RunTime:0.001845s ]
INFO: [ app_end ] --END-- [ RunTime:0.001993s ]

[ 2018-07-13T00:43:05+08:00 ] ::1 /118.24.118.208/WeChatStu/index.php
INFO: [ app_init ] --START--
INFO: Run Behavior\BuildLiteBehavior [ RunTime:0.000020s ]
INFO: [ app_init ] --END-- [ RunTime:0.000635s ]
INFO: [ app_begin ] --START--
INFO: Run Behavior\ReadHtmlCacheBehavior [ RunTime:0.002359s ]
INFO: [ app_begin ] --END-- [ RunTime:0.002511s ]
INFO: [ app_end ] --START--
INFO: Run Behavior\ShowPageTraceBehavior [ RunTime:0.001476s ]
INFO: [ app_end ] --END-- [ RunTime:0.001583s ]

[ 2018-07-13T00:43:05+08:00 ] ::1 /118.24.118.208/WeChatStu/index.php
INFO: [ app_init ] --START--
INFO: Run Behavior\BuildLiteBehavior [ RunTime:0.000022s ]
INFO: [ app_init ] --END-- [ RunTime:0.000626s ]
INFO: [ app_begin ] --START--
INFO: Run Behavior\ReadHtmlCacheBehavior [ RunTime:0.001399s ]
INFO: [ app_begin ] --END-- [ RunTime:0.001502s ]
INFO: [ app_end ] --START--
INFO: Run Behavior\ShowPageTraceBehavior [ RunTime:0.002669s ]
INFO: [ app_end ] --END-- [ RunTime:0.002836s ]

[ 2018-07-13T00:43:06+08:00 ] ::1 /118.24.118.208/WeChatStu/index.php
INFO: [ app_init ] --START--
INFO: Run Behavior\BuildLiteBehavior [ RunTime:0.000028s ]
INFO: [ app_init ] --END-- [ RunTime:0.001050s ]
INFO: [ app_begin ] --START--
INFO: Run Behavior\ReadHtmlCacheBehavior [ RunTime:0.001396s ]
INFO: [ app_begin ] --END-- [ RunTime:0.001507s ]
INFO: [ app_end ] --START--
INFO: Run Behavior\ShowPageTraceBehavior [ RunTime:0.001622s ]
INFO: [ app_end ] --END-- [ RunTime:0.001740s ]

[ 2018-07-13T00:43:06+08:00 ] ::1 /118.24.118.208/WeChatStu/index.php
INFO: [ app_init ] --START--
INFO: Run Behavior\BuildLiteBehavior [ RunTime:0.000022s ]
INFO: [ app_init ] --END-- [ RunTime:0.000674s ]
INFO: [ app_begin ] --START--
INFO: Run Behavior\ReadHtmlCacheBehavior [ RunTime:0.001356s ]
INFO: [ app_begin ] --END-- [ RunTime:0.001458s ]
INFO: [ app_end ] --START--
INFO: Run Behavior\ShowPageTraceBehavior [ RunTime:0.002099s ]
INFO: [ app_end ] --END-- [ RunTime:0.002248s ]

[ 2018-07-13T00:43:07+08:00 ] ::1 /118.24.118.208/WeChatStu/index.php
INFO: [ app_init ] --START--
INFO: Run Behavior\BuildLiteBehavior [ RunTime:0.000022s ]
INFO: [ app_init ] --END-- [ RunTime:0.000729s ]
INFO: [ app_begin ] --START--
INFO: Run Behavior\ReadHtmlCacheBehavior [ RunTime:0.001436s ]
INFO: [ app_begin ] --END-- [ RunTime:0.001544s ]
INFO: [ app_end ] --START--
INFO: Run Behavior\ShowPageTraceBehavior [ RunTime:0.002595s ]
INFO: [ app_end ] --END-- [ RunTime:0.002699s ]

[ 2018-07-13T00:43:51+08:00 ] ::1 /118.24.118.208/WeChatStu/index.php
INFO: [ app_init ] --START--
INFO: Run Behavior\BuildLiteBehavior [ RunTime:0.000022s ]
INFO: [ app_init ] --END-- [ RunTime:0.000734s ]
INFO: [ app_begin ] --START--
INFO: Run Behavior\ReadHtmlCacheBehavior [ RunTime:0.001672s ]
INFO: [ app_begin ] --END-- [ RunTime:0.001777s ]
INFO: [ app_end ] --START--
INFO: Run Behavior\ShowPageTraceBehavior [ RunTime:0.001797s ]
INFO: [ app_end ] --END-- [ RunTime:0.001945s ]

[ 2018-07-13T00:43:52+08:00 ] ::1 /118.24.118.208/WeChatStu/index.php
INFO: [ app_init ] --START--
INFO: Run Behavior\BuildLiteBehavior [ RunTime:0.000022s ]
INFO: [ app_init ] --END-- [ RunTime:0.000580s ]
INFO: [ app_begin ] --START--
INFO: Run Behavior\ReadHtmlCacheBehavior [ RunTime:0.002242s ]
INFO: [ app_begin ] --END-- [ RunTime:0.002419s ]
INFO: [ app_end ] --START--
INFO: Run Behavior\ShowPageTraceBehavior [ RunTime:0.001519s ]
INFO: [ app_end ] --END-- [ RunTime:0.001627s ]

[ 2018-07-13T00:43:52+08:00 ] ::1 /118.24.118.208/WeChatStu/index.php
INFO: [ app_init ] --START--
INFO: Run Behavior\BuildLiteBehavior [ RunTime:0.000040s ]
INFO: [ app_init ] --END-- [ RunTime:0.000653s ]
INFO: [ app_begin ] --START--
INFO: Run Behavior\ReadHtmlCacheBehavior [ RunTime:0.003603s ]
INFO: [ app_begin ] --END-- [ RunTime:0.003773s ]
INFO: [ app_end ] --START--
INFO: Run Behavior\ShowPageTraceBehavior [ RunTime:0.001429s ]
INFO: [ app_end ] --END-- [ RunTime:0.001533s ]

[ 2018-07-13T00:43:52+08:00 ] ::1 /118.24.118.208/WeChatStu/index.php
INFO: [ app_init ] --START--
INFO: Run Behavior\BuildLiteBehavior [ RunTime:0.000021s ]
INFO: [ app_init ] --END-- [ RunTime:0.000511s ]
INFO: [ app_begin ] --START--
INFO: Run Behavior\ReadHtmlCacheBehavior [ RunTime:0.001403s ]
INFO: [ app_begin ] --END-- [ RunTime:0.001506s ]
INFO: [ app_end ] --START--
INFO: Run Behavior\ShowPageTraceBehavior [ RunTime:0.001415s ]
INFO: [ app_end ] --END-- [ RunTime:0.001522s ]

[ 2018-07-13T00:43:53+08:00 ] ::1 /118.24.118.208/WeChatStu/index.php
INFO: [ app_init ] --START--
INFO: Run Behavior\BuildLiteBehavior [ RunTime:0.000020s ]
INFO: [ app_init ] --END-- [ RunTime:0.000508s ]
INFO: [ app_begin ] --START--
INFO: Run Behavior\ReadHtmlCacheBehavior [ RunTime:0.002623s ]
INFO: [ app_begin ] --END-- [ RunTime:0.002858s ]
INFO: [ app_end ] --START--
INFO: Run Behavior\ShowPageTraceBehavior [ RunTime:0.001407s ]
INFO: [ app_end ] --END-- [ RunTime:0.001511s ]

[ 2018-07-13T00:43:53+08:00 ] ::1 /118.24.118.208/WeChatStu/index.php
INFO: [ app_init ] --START--
INFO: Run Behavior\BuildLiteBehavior [ RunTime:0.000021s ]
INFO: [ app_init ] --END-- [ RunTime:0.000527s ]
INFO: [ app_begin ] --START--
INFO: Run Behavior\ReadHtmlCacheBehavior [ RunTime:0.001358s ]
INFO: [ app_begin ] --END-- [ RunTime:0.001457s ]
INFO: [ app_end ] --START--
INFO: Run Behavior\ShowPageTraceBehavior [ RunTime:0.001445s ]
INFO: [ app_end ] --END-- [ RunTime:0.001553s ]

[ 2018-07-13T00:43:53+08:00 ] ::1 /118.24.118.208/WeChatStu/index.php
INFO: [ app_init ] --START--
INFO: Run Behavior\BuildLiteBehavior [ RunTime:0.000022s ]
INFO: [ app_init ] --END-- [ RunTime:0.000541s ]
INFO: [ app_begin ] --START--
INFO: Run Behavior\ReadHtmlCacheBehavior [ RunTime:0.002399s ]
INFO: [ app_begin ] --END-- [ RunTime:0.002499s ]
INFO: [ app_end ] --START--
INFO: Run Behavior\ShowPageTraceBehavior [ RunTime:0.001462s ]
INFO: [ app_end ] --END-- [ RunTime:0.001566s ]

[ 2018-07-13T00:43:53+08:00 ] ::1 /118.24.118.208/WeChatStu/index.php
INFO: [ app_init ] --START--
INFO: Run Behavior\BuildLiteBehavior [ RunTime:0.000050s ]
INFO: [ app_init ] --END-- [ RunTime:0.000895s ]
INFO: [ app_begin ] --START--
INFO: Run Behavior\ReadHtmlCacheBehavior [ RunTime:0.001498s ]
INFO: [ app_begin ] --END-- [ RunTime:0.001603s ]
INFO: [ app_end ] --START--
INFO: Run Behavior\ShowPageTraceBehavior [ RunTime:0.001440s ]
INFO: [ app_end ] --END-- [ RunTime:0.001545s ]

[ 2018-07-13T00:43:53+08:00 ] ::1 /118.24.118.208/WeChatStu/index.php
INFO: [ app_init ] --START--
INFO: Run Behavior\BuildLiteBehavior [ RunTime:0.000023s ]
INFO: [ app_init ] --END-- [ RunTime:0.000901s ]
INFO: [ app_begin ] --START--
INFO: Run Behavior\ReadHtmlCacheBehavior [ RunTime:0.001367s ]
INFO: [ app_begin ] --END-- [ RunTime:0.001474s ]
INFO: [ app_end ] --START--
INFO: Run Behavior\ShowPageTraceBehavior [ RunTime:0.001431s ]
INFO: [ app_end ] --END-- [ RunTime:0.001536s ]

[ 2018-07-13T00:43:54+08:00 ] ::1 /118.24.118.208/WeChatStu/index.php
INFO: [ app_init ] --START--
INFO: Run Behavior\BuildLiteBehavior [ RunTime:0.000021s ]
INFO: [ app_init ] --END-- [ RunTime:0.000555s ]
INFO: [ app_begin ] --START--
INFO: Run Behavior\ReadHtmlCacheBehavior [ RunTime:0.001901s ]
INFO: [ app_begin ] --END-- [ RunTime:0.002025s ]
INFO: [ app_end ] --START--
INFO: Run Behavior\ShowPageTraceBehavior [ RunTime:0.001796s ]
INFO: [ app_end ] --END-- [ RunTime:0.001907s ]

[ 2018-07-13T00:43:54+08:00 ] ::1 /118.24.118.208/WeChatStu/index.php
INFO: [ app_init ] --START--
INFO: Run Behavior\BuildLiteBehavior [ RunTime:0.000021s ]
INFO: [ app_init ] --END-- [ RunTime:0.000522s ]
INFO: [ app_begin ] --START--
INFO: Run Behavior\ReadHtmlCacheBehavior [ RunTime:0.001476s ]
INFO: [ app_begin ] --END-- [ RunTime:0.001579s ]
INFO: [ app_end ] --START--
INFO: Run Behavior\ShowPageTraceBehavior [ RunTime:0.001400s ]
INFO: [ app_end ] --END-- [ RunTime:0.001514s ]

[ 2018-07-13T00:43:54+08:00 ] ::1 /118.24.118.208/WeChatStu/index.php
INFO: [ app_init ] --START--
INFO: Run Behavior\BuildLiteBehavior [ RunTime:0.000046s ]
INFO: [ app_init ] --END-- [ RunTime:0.001212s ]
INFO: [ app_begin ] --START--
INFO: Run Behavior\ReadHtmlCacheBehavior [ RunTime:0.001363s ]
INFO: [ app_begin ] --END-- [ RunTime:0.001466s ]
INFO: [ app_end ] --START--
INFO: Run Behavior\ShowPageTraceBehavior [ RunTime:0.001439s ]
INFO: [ app_end ] --END-- [ RunTime:0.001545s ]

[ 2018-07-13T00:43:54+08:00 ] ::1 /118.24.118.208/WeChatStu/index.php
INFO: [ app_init ] --START--
INFO: Run Behavior\BuildLiteBehavior [ RunTime:0.000022s ]
INFO: [ app_init ] --END-- [ RunTime:0.000520s ]
INFO: [ app_begin ] --START--
INFO: Run Behavior\ReadHtmlCacheBehavior [ RunTime:0.001489s ]
INFO: [ app_begin ] --END-- [ RunTime:0.001603s ]
INFO: [ app_end ] --START--
INFO: Run Behavior\ShowPageTraceBehavior [ RunTime:0.001472s ]
INFO: [ app_end ] --END-- [ RunTime:0.001582s ]

[ 2018-07-13T00:43:55+08:00 ] ::1 /118.24.118.208/WeChatStu/index.php
INFO: [ app_init ] --START--
INFO: Run Behavior\BuildLiteBehavior [ RunTime:0.000035s ]
INFO: [ app_init ] --END-- [ RunTime:0.000580s ]
INFO: [ app_begin ] --START--
INFO: Run Behavior\ReadHtmlCacheBehavior [ RunTime:0.001431s ]
INFO: [ app_begin ] --END-- [ RunTime:0.001547s ]
INFO: [ app_end ] --START--
INFO: Run Behavior\ShowPageTraceBehavior [ RunTime:0.001430s ]
INFO: [ app_end ] --END-- [ RunTime:0.001549s ]

[ 2018-07-13T00:43:55+08:00 ] ::1 /118.24.118.208/WeChatStu/index.php
INFO: [ app_init ] --START--
INFO: Run Behavior\BuildLiteBehavior [ RunTime:0.000087s ]
INFO: [ app_init ] --END-- [ RunTime:0.000777s ]
INFO: [ app_begin ] --START--
INFO: Run Behavior\ReadHtmlCacheBehavior [ RunTime:0.001977s ]
INFO: [ app_begin ] --END-- [ RunTime:0.002197s ]
INFO: [ app_end ] --START--
INFO: Run Behavior\ShowPageTraceBehavior [ RunTime:0.001528s ]
INFO: [ app_end ] --END-- [ RunTime:0.001640s ]

[ 2018-07-13T00:43:55+08:00 ] ::1 /118.24.118.208/WeChatStu/index.php
INFO: [ app_init ] --START--
INFO: Run Behavior\BuildLiteBehavior [ RunTime:0.000022s ]
INFO: [ app_init ] --END-- [ RunTime:0.000517s ]
INFO: [ app_begin ] --START--
INFO: Run Behavior\ReadHtmlCacheBehavior [ RunTime:0.001506s ]
INFO: [ app_begin ] --END-- [ RunTime:0.001610s ]
INFO: [ app_end ] --START--
INFO: Run Behavior\ShowPageTraceBehavior [ RunTime:0.003023s ]
INFO: [ app_end ] --END-- [ RunTime:0.003248s ]

[ 2018-07-13T00:43:57+08:00 ] ::1 /118.24.118.208/WeChatStu/index.php
INFO: [ app_init ] --START--
INFO: Run Behavior\BuildLiteBehavior [ RunTime:0.000022s ]
INFO: [ app_init ] --END-- [ RunTime:0.000516s ]
INFO: [ app_begin ] --START--
INFO: Run Behavior\ReadHtmlCacheBehavior [ RunTime:0.001525s ]
INFO: [ app_begin ] --END-- [ RunTime:0.001695s ]
INFO: [ app_end ] --START--
INFO: Run Behavior\ShowPageTraceBehavior [ RunTime:0.001413s ]
INFO: [ app_end ] --END-- [ RunTime:0.001520s ]

[ 2018-07-13T00:43:58+08:00 ] ::1 /118.24.118.208/WeChatStu/index.php
INFO: [ app_init ] --START--
INFO: Run Behavior\BuildLiteBehavior [ RunTime:0.000045s ]
INFO: [ app_init ] --END-- [ RunTime:0.000571s ]
INFO: [ app_begin ] --START--
INFO: Run Behavior\ReadHtmlCacheBehavior [ RunTime:0.001382s ]
INFO: [ app_begin ] --END-- [ RunTime:0.001485s ]
INFO: [ app_end ] --START--
INFO: Run Behavior\ShowPageTraceBehavior [ RunTime:0.003284s ]
INFO: [ app_end ] --END-- [ RunTime:0.003496s ]

[ 2018-07-13T00:43:58+08:00 ] ::1 /118.24.118.208/WeChatStu/index.php
INFO: [ app_init ] --START--
INFO: Run Behavior\BuildLiteBehavior [ RunTime:0.000022s ]
INFO: [ app_init ] --END-- [ RunTime:0.000544s ]
INFO: [ app_begin ] --START--
INFO: Run Behavior\ReadHtmlCacheBehavior [ RunTime:0.001356s ]
INFO: [ app_begin ] --END-- [ RunTime:0.001455s ]
INFO: [ app_end ] --START--
INFO: Run Behavior\ShowPageTraceBehavior [ RunTime:0.001524s ]
INFO: [ app_end ] --END-- [ RunTime:0.001638s ]

[ 2018-07-13T00:43:58+08:00 ] ::1 /118.24.118.208/WeChatStu/index.php
INFO: [ app_init ] --START--
INFO: Run Behavior\BuildLiteBehavior [ RunTime:0.000021s ]
INFO: [ app_init ] --END-- [ RunTime:0.000584s ]
INFO: [ app_begin ] --START--
INFO: Run Behavior\ReadHtmlCacheBehavior [ RunTime:0.002282s ]
INFO: [ app_begin ] --END-- [ RunTime:0.002429s ]
INFO: [ app_end ] --START--
INFO: Run Behavior\ShowPageTraceBehavior [ RunTime:0.001558s ]
INFO: [ app_end ] --END-- [ RunTime:0.001708s ]

[ 2018-07-13T00:43:58+08:00 ] ::1 /118.24.118.208/WeChatStu/index.php
INFO: [ app_init ] --START--
INFO: Run Behavior\BuildLiteBehavior [ RunTime:0.000021s ]
INFO: [ app_init ] --END-- [ RunTime:0.000555s ]
INFO: [ app_begin ] --START--
INFO: Run Behavior\ReadHtmlCacheBehavior [ RunTime:0.001468s ]
INFO: [ app_begin ] --END-- [ RunTime:0.001575s ]
INFO: [ app_end ] --START--
INFO: Run Behavior\ShowPageTraceBehavior [ RunTime:0.001490s ]
INFO: [ app_end ] --END-- [ RunTime:0.001600s ]

[ 2018-07-13T00:43:58+08:00 ] ::1 /118.24.118.208/WeChatStu/index.php
INFO: [ app_init ] --START--
INFO: Run Behavior\BuildLiteBehavior [ RunTime:0.000045s ]
INFO: [ app_init ] --END-- [ RunTime:0.007138s ]
INFO: [ app_begin ] --START--
INFO: Run Behavior\ReadHtmlCacheBehavior [ RunTime:0.001500s ]
INFO: [ app_begin ] --END-- [ RunTime:0.001614s ]
INFO: [ app_end ] --START--
INFO: Run Behavior\ShowPageTraceBehavior [ RunTime:0.002246s ]
INFO: [ app_end ] --END-- [ RunTime:0.002419s ]

[ 2018-07-13T00:43:59+08:00 ] ::1 /118.24.118.208/WeChatStu/index.php
INFO: [ app_init ] --START--
INFO: Run Behavior\BuildLiteBehavior [ RunTime:0.000027s ]
INFO: [ app_init ] --END-- [ RunTime:0.000787s ]
INFO: [ app_begin ] --START--
INFO: Run Behavior\ReadHtmlCacheBehavior [ RunTime:0.001634s ]
INFO: [ app_begin ] --END-- [ RunTime:0.001791s ]
INFO: [ app_end ] --START--
INFO: Run Behavior\ShowPageTraceBehavior [ RunTime:0.001640s ]
INFO: [ app_end ] --END-- [ RunTime:0.001771s ]

[ 2018-07-13T00:43:59+08:00 ] ::1 /118.24.118.208/WeChatStu/index.php
INFO: [ app_init ] --START--
INFO: Run Behavior\BuildLiteBehavior [ RunTime:0.000055s ]
INFO: [ app_init ] --END-- [ RunTime:0.000620s ]
INFO: [ app_begin ] --START--
INFO: Run Behavior\ReadHtmlCacheBehavior [ RunTime:0.001727s ]
INFO: [ app_begin ] --END-- [ RunTime:0.001850s ]
INFO: [ app_end ] --START--
INFO: Run Behavior\ShowPageTraceBehavior [ RunTime:0.007213s ]
INFO: [ app_end ] --END-- [ RunTime:0.007417s ]

[ 2018-07-13T00:43:59+08:00 ] ::1 /118.24.118.208/WeChatStu/index.php
INFO: [ app_init ] --START--
INFO: Run Behavior\BuildLiteBehavior [ RunTime:0.000027s ]
INFO: [ app_init ] --END-- [ RunTime:0.000741s ]
INFO: [ app_begin ] --START--
INFO: Run Behavior\ReadHtmlCacheBehavior [ RunTime:0.002058s ]
INFO: [ app_begin ] --END-- [ RunTime:0.002167s ]
INFO: [ app_end ] --START--
INFO: Run Behavior\ShowPageTraceBehavior [ RunTime:0.001638s ]
INFO: [ app_end ] --END-- [ RunTime:0.001773s ]

[ 2018-07-13T00:43:59+08:00 ] ::1 /118.24.118.208/WeChatStu/index.php
INFO: [ app_init ] --START--
INFO: Run Behavior\BuildLiteBehavior [ RunTime:0.000022s ]
INFO: [ app_init ] --END-- [ RunTime:0.000574s ]
INFO: [ app_begin ] --START--
INFO: Run Behavior\ReadHtmlCacheBehavior [ RunTime:0.001399s ]
INFO: [ app_begin ] --END-- [ RunTime:0.001499s ]
INFO: [ app_end ] --START--
INFO: Run Behavior\ShowPageTraceBehavior [ RunTime:0.001516s ]
INFO: [ app_end ] --END-- [ RunTime:0.001629s ]

[ 2018-07-13T00:43:59+08:00 ] ::1 /118.24.118.208/WeChatStu/index.php
INFO: [ app_init ] --START--
INFO: Run Behavior\BuildLiteBehavior [ RunTime:0.000022s ]
INFO: [ app_init ] --END-- [ RunTime:0.000543s ]
INFO: [ app_begin ] --START--
INFO: Run Behavior\ReadHtmlCacheBehavior [ RunTime:0.001762s ]
INFO: [ app_begin ] --END-- [ RunTime:0.001878s ]
INFO: [ app_end ] --START--
INFO: Run Behavior\ShowPageTraceBehavior [ RunTime:0.001874s ]
INFO: [ app_end ] --END-- [ RunTime:0.002028s ]

[ 2018-07-13T00:44:00+08:00 ] ::1 /118.24.118.208/WeChatStu/index.php
INFO: [ app_init ] --START--
INFO: Run Behavior\BuildLiteBehavior [ RunTime:0.000050s ]
INFO: [ app_init ] --END-- [ RunTime:0.001433s ]
INFO: [ app_begin ] --START--
INFO: Run Behavior\ReadHtmlCacheBehavior [ RunTime:0.003421s ]
INFO: [ app_begin ] --END-- [ RunTime:0.003569s ]
INFO: [ app_end ] --START--
INFO: Run Behavior\ShowPageTraceBehavior [ RunTime:0.001782s ]
INFO: [ app_end ] --END-- [ RunTime:0.001930s ]

[ 2018-07-13T00:44:00+08:00 ] ::1 /118.24.118.208/WeChatStu/index.php
INFO: [ app_init ] --START--
INFO: Run Behavior\BuildLiteBehavior [ RunTime:0.000023s ]
INFO: [ app_init ] --END-- [ RunTime:0.000610s ]
INFO: [ app_begin ] --START--
INFO: Run Behavior\ReadHtmlCacheBehavior [ RunTime:0.002172s ]
INFO: [ app_begin ] --END-- [ RunTime:0.002372s ]
INFO: [ app_end ] --START--
INFO: Run Behavior\ShowPageTraceBehavior [ RunTime:0.001516s ]
INFO: [ app_end ] --END-- [ RunTime:0.001628s ]

[ 2018-07-13T00:44:00+08:00 ] ::1 /118.24.118.208/WeChatStu/index.php
INFO: [ app_init ] --START--
INFO: Run Behavior\BuildLiteBehavior [ RunTime:0.000022s ]
INFO: [ app_init ] --END-- [ RunTime:0.000669s ]
INFO: [ app_begin ] --START--
INFO: Run Behavior\ReadHtmlCacheBehavior [ RunTime:0.001657s ]
INFO: [ app_begin ] --END-- [ RunTime:0.001820s ]
INFO: [ app_end ] --START--
INFO: Run Behavior\ShowPageTraceBehavior [ RunTime:0.001445s ]
INFO: [ app_end ] --END-- [ RunTime:0.001571s ]

[ 2018-07-13T00:44:00+08:00 ] ::1 /118.24.118.208/WeChatStu/index.php
INFO: [ app_init ] --START--
INFO: Run Behavior\BuildLiteBehavior [ RunTime:0.000040s ]
INFO: [ app_init ] --END-- [ RunTime:0.000672s ]
INFO: [ app_begin ] --START--
INFO: Run Behavior\ReadHtmlCacheBehavior [ RunTime:0.001491s ]
INFO: [ app_begin ] --END-- [ RunTime:0.001594s ]
INFO: [ app_end ] --START--
INFO: Run Behavior\ShowPageTraceBehavior [ RunTime:0.001774s ]
INFO: [ app_end ] --END-- [ RunTime:0.001889s ]

[ 2018-07-13T00:44:00+08:00 ] ::1 /118.24.118.208/WeChatStu/index.php
INFO: [ app_init ] --START--
INFO: Run Behavior\BuildLiteBehavior [ RunTime:0.000021s ]
INFO: [ app_init ] --END-- [ RunTime:0.000532s ]
INFO: [ app_begin ] --START--
INFO: Run Behavior\ReadHtmlCacheBehavior [ RunTime:0.001530s ]
INFO: [ app_begin ] --END-- [ RunTime:0.001644s ]
INFO: [ app_end ] --START--
INFO: Run Behavior\ShowPageTraceBehavior [ RunTime:0.001481s ]
INFO: [ app_end ] --END-- [ RunTime:0.001591s ]

[ 2018-07-13T00:44:01+08:00 ] ::1 /118.24.118.208/WeChatStu/index.php
INFO: [ app_init ] --START--
INFO: Run Behavior\BuildLiteBehavior [ RunTime:0.000036s ]
INFO: [ app_init ] --END-- [ RunTime:0.000974s ]
INFO: [ app_begin ] --START--
INFO: Run Behavior\ReadHtmlCacheBehavior [ RunTime:0.001396s ]
INFO: [ app_begin ] --END-- [ RunTime:0.001501s ]
INFO: [ app_end ] --START--
INFO: Run Behavior\ShowPageTraceBehavior [ RunTime:0.002036s ]
INFO: [ app_end ] --END-- [ RunTime:0.002276s ]

[ 2018-07-13T00:44:01+08:00 ] ::1 /118.24.118.208/WeChatStu/index.php
INFO: [ app_init ] --START--
INFO: Run Behavior\BuildLiteBehavior [ RunTime:0.000021s ]
INFO: [ app_init ] --END-- [ RunTime:0.000517s ]
INFO: [ app_begin ] --START--
INFO: Run Behavior\ReadHtmlCacheBehavior [ RunTime:0.002030s ]
INFO: [ app_begin ] --END-- [ RunTime:0.002263s ]
INFO: [ app_end ] --START--
INFO: Run Behavior\ShowPageTraceBehavior [ RunTime:0.001375s ]
INFO: [ app_end ] --END-- [ RunTime:0.001480s ]

[ 2018-07-13T00:44:01+08:00 ] ::1 /118.24.118.208/WeChatStu/index.php
INFO: [ app_init ] --START--
INFO: Run Behavior\BuildLiteBehavior [ RunTime:0.000041s ]
INFO: [ app_init ] --END-- [ RunTime:0.001055s ]
INFO: [ app_begin ] --START--
INFO: Run Behavior\ReadHtmlCacheBehavior [ RunTime:0.001964s ]
INFO: [ app_begin ] --END-- [ RunTime:0.002078s ]
INFO: [ app_end ] --START--
INFO: Run Behavior\ShowPageTraceBehavior [ RunTime:0.001419s ]
INFO: [ app_end ] --END-- [ RunTime:0.001524s ]

[ 2018-07-13T00:44:02+08:00 ] ::1 /118.24.118.208/WeChatStu/index.php
INFO: [ app_init ] --START--
INFO: Run Behavior\BuildLiteBehavior [ RunTime:0.000022s ]
INFO: [ app_init ] --END-- [ RunTime:0.000595s ]
INFO: [ app_begin ] --START--
INFO: Run Behavior\ReadHtmlCacheBehavior [ RunTime:0.001437s ]
INFO: [ app_begin ] --END-- [ RunTime:0.001577s ]
INFO: [ app_end ] --START--
INFO: Run Behavior\ShowPageTraceBehavior [ RunTime:0.001438s ]
INFO: [ app_end ] --END-- [ RunTime:0.001552s ]

[ 2018-07-13T00:44:02+08:00 ] ::1 /118.24.118.208/WeChatStu/index.php
INFO: [ app_init ] --START--
INFO: Run Behavior\BuildLiteBehavior [ RunTime:0.000034s ]
INFO: [ app_init ] --END-- [ RunTime:0.000860s ]
INFO: [ app_begin ] --START--
INFO: Run Behavior\ReadHtmlCacheBehavior [ RunTime:0.004158s ]
INFO: [ app_begin ] --END-- [ RunTime:0.004275s ]
INFO: [ app_end ] --START--
INFO: Run Behavior\ShowPageTraceBehavior [ RunTime:0.001627s ]
INFO: [ app_end ] --END-- [ RunTime:0.001775s ]

[ 2018-07-13T00:44:02+08:00 ] ::1 /118.24.118.208/WeChatStu/index.php
INFO: [ app_init ] --START--
INFO: Run Behavior\BuildLiteBehavior [ RunTime:0.000045s ]
INFO: [ app_init ] --END-- [ RunTime:0.001113s ]
INFO: [ app_begin ] --START--
INFO: Run Behavior\ReadHtmlCacheBehavior [ RunTime:0.001564s ]
INFO: [ app_begin ] --END-- [ RunTime:0.001714s ]
INFO: [ app_end ] --START--
INFO: Run Behavior\ShowPageTraceBehavior [ RunTime:0.001449s ]
INFO: [ app_end ] --END-- [ RunTime:0.001557s ]

[ 2018-07-13T00:44:03+08:00 ] ::1 /118.24.118.208/WeChatStu/index.php
INFO: [ app_init ] --START--
INFO: Run Behavior\BuildLiteBehavior [ RunTime:0.000020s ]
INFO: [ app_init ] --END-- [ RunTime:0.000508s ]
INFO: [ app_begin ] --START--
INFO: Run Behavior\ReadHtmlCacheBehavior [ RunTime:0.001545s ]
INFO: [ app_begin ] --END-- [ RunTime:0.001657s ]
INFO: [ app_end ] --START--
INFO: Run Behavior\ShowPageTraceBehavior [ RunTime:0.001418s ]
INFO: [ app_end ] --END-- [ RunTime:0.001522s ]

[ 2018-07-13T00:44:03+08:00 ] ::1 /118.24.118.208/WeChatStu/index.php
INFO: [ app_init ] --START--
INFO: Run Behavior\BuildLiteBehavior [ RunTime:0.000021s ]
INFO: [ app_init ] --END-- [ RunTime:0.000528s ]
INFO: [ app_begin ] --START--
INFO: Run Behavior\ReadHtmlCacheBehavior [ RunTime:0.002219s ]
INFO: [ app_begin ] --END-- [ RunTime:0.002336s ]
INFO: [ app_end ] --START--
INFO: Run Behavior\ShowPageTraceBehavior [ RunTime:0.001674s ]
INFO: [ app_end ] --END-- [ RunTime:0.001798s ]

[ 2018-07-13T00:44:03+08:00 ] ::1 /118.24.118.208/WeChatStu/index.php
INFO: [ app_init ] --START--
INFO: Run Behavior\BuildLiteBehavior [ RunTime:0.000022s ]
INFO: [ app_init ] --END-- [ RunTime:0.000554s ]
INFO: [ app_begin ] --START--
INFO: Run Behavior\ReadHtmlCacheBehavior [ RunTime:0.002370s ]
INFO: [ app_begin ] --END-- [ RunTime:0.002561s ]
INFO: [ app_end ] --START--
INFO: Run Behavior\ShowPageTraceBehavior [ RunTime:0.001608s ]
INFO: [ app_end ] --END-- [ RunTime:0.001718s ]

[ 2018-07-13T00:44:03+08:00 ] ::1 /118.24.118.208/WeChatStu/index.php
INFO: [ app_init ] --START--
INFO: Run Behavior\BuildLiteBehavior [ RunTime:0.000021s ]
INFO: [ app_init ] --END-- [ RunTime:0.000526s ]
INFO: [ app_begin ] --START--
INFO: Run Behavior\ReadHtmlCacheBehavior [ RunTime:0.003377s ]
INFO: [ app_begin ] --END-- [ RunTime:0.003523s ]
INFO: [ app_end ] --START--
INFO: Run Behavior\ShowPageTraceBehavior [ RunTime:0.001507s ]
INFO: [ app_end ] --END-- [ RunTime:0.001617s ]

[ 2018-07-13T00:44:04+08:00 ] ::1 /118.24.118.208/WeChatStu/index.php
INFO: [ app_init ] --START--
INFO: Run Behavior\BuildLiteBehavior [ RunTime:0.000022s ]
INFO: [ app_init ] --END-- [ RunTime:0.000558s ]
INFO: [ app_begin ] --START--
INFO: Run Behavior\ReadHtmlCacheBehavior [ RunTime:0.001534s ]
INFO: [ app_begin ] --END-- [ RunTime:0.001648s ]
INFO: [ app_end ] --START--
INFO: Run Behavior\ShowPageTraceBehavior [ RunTime:0.001431s ]
INFO: [ app_end ] --END-- [ RunTime:0.001540s ]

[ 2018-07-13T00:44:04+08:00 ] ::1 /118.24.118.208/WeChatStu/index.php
INFO: [ app_init ] --START--
INFO: Run Behavior\BuildLiteBehavior [ RunTime:0.000022s ]
INFO: [ app_init ] --END-- [ RunTime:0.000704s ]
INFO: [ app_begin ] --START--
INFO: Run Behavior\ReadHtmlCacheBehavior [ RunTime:0.001361s ]
INFO: [ app_begin ] --END-- [ RunTime:0.001465s ]
INFO: [ app_end ] --START--
INFO: Run Behavior\ShowPageTraceBehavior [ RunTime:0.001396s ]
INFO: [ app_end ] --END-- [ RunTime:0.001502s ]

[ 2018-07-13T00:44:09+08:00 ] ::1 /118.24.118.208/WeChatStu/index.php
INFO: [ app_init ] --START--
INFO: Run Behavior\BuildLiteBehavior [ RunTime:0.000021s ]
INFO: [ app_init ] --END-- [ RunTime:0.000666s ]
INFO: [ app_begin ] --START--
INFO: Run Behavior\ReadHtmlCacheBehavior [ RunTime:0.001587s ]
INFO: [ app_begin ] --END-- [ RunTime:0.001838s ]
INFO: [ app_end ] --START--
INFO: Run Behavior\ShowPageTraceBehavior [ RunTime:0.001562s ]
INFO: [ app_end ] --END-- [ RunTime:0.001698s ]

[ 2018-07-13T00:45:33+08:00 ] ::1 /118.24.118.208/WeChatStu/index.php
INFO: [ app_init ] --START--
INFO: Run Behavior\BuildLiteBehavior [ RunTime:0.000020s ]
INFO: [ app_init ] --END-- [ RunTime:0.000558s ]
INFO: [ app_begin ] --START--
INFO: Run Behavior\ReadHtmlCacheBehavior [ RunTime:0.002409s ]
INFO: [ app_begin ] --END-- [ RunTime:0.002621s ]
INFO: [ app_end ] --START--
INFO: Run Behavior\ShowPageTraceBehavior [ RunTime:0.001403s ]
INFO: [ app_end ] --END-- [ RunTime:0.001510s ]

[ 2018-07-13T00:45:35+08:00 ] ::1 /118.24.118.208/WeChatStu/index.php
INFO: [ app_init ] --START--
INFO: Run Behavior\BuildLiteBehavior [ RunTime:0.000021s ]
INFO: [ app_init ] --END-- [ RunTime:0.000571s ]
INFO: [ app_begin ] --START--
INFO: Run Behavior\ReadHtmlCacheBehavior [ RunTime:0.001888s ]
INFO: [ app_begin ] --END-- [ RunTime:0.002003s ]
INFO: [ app_end ] --START--
INFO: Run Behavior\ShowPageTraceBehavior [ RunTime:0.002191s ]
INFO: [ app_end ] --END-- [ RunTime:0.002341s ]

[ 2018-07-13T00:45:36+08:00 ] ::1 /118.24.118.208/WeChatStu/index.php
INFO: [ app_init ] --START--
INFO: Run Behavior\BuildLiteBehavior [ RunTime:0.000025s ]
INFO: [ app_init ] --END-- [ RunTime:0.000677s ]
INFO: [ app_begin ] --START--
INFO: Run Behavior\ReadHtmlCacheBehavior [ RunTime:0.001901s ]
INFO: [ app_begin ] --END-- [ RunTime:0.002012s ]
INFO: [ app_end ] --START--
INFO: Run Behavior\ShowPageTraceBehavior [ RunTime:0.001778s ]
INFO: [ app_end ] --END-- [ RunTime:0.001887s ]

[ 2018-07-13T00:45:36+08:00 ] ::1 /118.24.118.208/WeChatStu/index.php
INFO: [ app_init ] --START--
INFO: Run Behavior\BuildLiteBehavior [ RunTime:0.000020s ]
INFO: [ app_init ] --END-- [ RunTime:0.000531s ]
INFO: [ app_begin ] --START--
INFO: Run Behavior\ReadHtmlCacheBehavior [ RunTime:0.001928s ]
INFO: [ app_begin ] --END-- [ RunTime:0.002126s ]
INFO: [ app_end ] --START--
INFO: Run Behavior\ShowPageTraceBehavior [ RunTime:0.001459s ]
INFO: [ app_end ] --END-- [ RunTime:0.001566s ]

[ 2018-07-13T00:45:36+08:00 ] ::1 /118.24.118.208/WeChatStu/index.php
INFO: [ app_init ] --START--
INFO: Run Behavior\BuildLiteBehavior [ RunTime:0.000021s ]
INFO: [ app_init ] --END-- [ RunTime:0.000602s ]
INFO: [ app_begin ] --START--
INFO: Run Behavior\ReadHtmlCacheBehavior [ RunTime:0.001396s ]
INFO: [ app_begin ] --END-- [ RunTime:0.001509s ]
INFO: [ app_end ] --START--
INFO: Run Behavior\ShowPageTraceBehavior [ RunTime:0.001398s ]
INFO: [ app_end ] --END-- [ RunTime:0.001501s ]

[ 2018-07-13T00:45:42+08:00 ] ::1 /118.24.118.208/WeChatStu/index.php
INFO: [ app_init ] --START--
INFO: Run Behavior\BuildLiteBehavior [ RunTime:0.000022s ]
INFO: [ app_init ] --END-- [ RunTime:0.000614s ]
INFO: [ app_begin ] --START--
INFO: Run Behavior\ReadHtmlCacheBehavior [ RunTime:0.001344s ]
INFO: [ app_begin ] --END-- [ RunTime:0.001444s ]
INFO: [ app_end ] --START--
INFO: Run Behavior\ShowPageTraceBehavior [ RunTime:0.002125s ]
INFO: [ app_end ] --END-- [ RunTime:0.002359s ]

[ 2018-07-13T00:45:44+08:00 ] ::1 /118.24.118.208/WeChatStu/index.php
INFO: [ app_init ] --START--
INFO: Run Behavior\BuildLiteBehavior [ RunTime:0.000023s ]
INFO: [ app_init ] --END-- [ RunTime:0.000750s ]
INFO: [ app_begin ] --START--
INFO: Run Behavior\ReadHtmlCacheBehavior [ RunTime:0.001346s ]
INFO: [ app_begin ] --END-- [ RunTime:0.001448s ]
INFO: [ app_end ] --START--
INFO: Run Behavior\ShowPageTraceBehavior [ RunTime:0.001919s ]
INFO: [ app_end ] --END-- [ RunTime:0.002033s ]

[ 2018-07-13T00:46:06+08:00 ] ::1 /118.24.118.208/WeChatStu/index.php
INFO: [ app_init ] --START--
INFO: Run Behavior\BuildLiteBehavior [ RunTime:0.000039s ]
INFO: [ app_init ] --END-- [ RunTime:0.001116s ]
INFO: [ app_begin ] --START--
INFO: Run Behavior\ReadHtmlCacheBehavior [ RunTime:0.001378s ]
INFO: [ app_begin ] --END-- [ RunTime:0.001483s ]
INFO: [ app_end ] --START--
INFO: Run Behavior\ShowPageTraceBehavior [ RunTime:0.002715s ]
INFO: [ app_end ] --END-- [ RunTime:0.002990s ]

[ 2018-07-13T00:46:06+08:00 ] ::1 /118.24.118.208/WeChatStu/index.php
INFO: [ app_init ] --START--
INFO: Run Behavior\BuildLiteBehavior [ RunTime:0.000020s ]
INFO: [ app_init ] --END-- [ RunTime:0.000514s ]
INFO: [ app_begin ] --START--
INFO: Run Behavior\ReadHtmlCacheBehavior [ RunTime:0.001470s ]
INFO: [ app_begin ] --END-- [ RunTime:0.001607s ]
INFO: [ app_end ] --START--
INFO: Run Behavior\ShowPageTraceBehavior [ RunTime:0.001564s ]
INFO: [ app_end ] --END-- [ RunTime:0.001675s ]

[ 2018-07-13T00:46:07+08:00 ] ::1 /118.24.118.208/WeChatStu/index.php
INFO: [ app_init ] --START--
INFO: Run Behavior\BuildLiteBehavior [ RunTime:0.000022s ]
INFO: [ app_init ] --END-- [ RunTime:0.000528s ]
INFO: [ app_begin ] --START--
INFO: Run Behavior\ReadHtmlCacheBehavior [ RunTime:0.001489s ]
INFO: [ app_begin ] --END-- [ RunTime:0.001594s ]
INFO: [ app_end ] --START--
INFO: Run Behavior\ShowPageTraceBehavior [ RunTime:0.001726s ]
INFO: [ app_end ] --END-- [ RunTime:0.001835s ]

